CRITICAL - 2025-03-18 13:43:54 --> ErrorException: Undefined variable $users
[Method: GET, Route: /]
in APPPATH\Views\m_tampil.php on line 14.
 1 APPPATH\Views\m_tampil.php(14): CodeIgniter\Debug\Exceptions->errorHandler(2, 'Undefined variable $users', 'D:\\xampp\\htdocs\\codeigniter4\\app\\Views\\m_tampil.php', 14)
 2 SYSTEMPATH\View\View.php(224): include('D:\\xampp\\htdocs\\codeigniter4\\app\\Views\\m_tampil.php')
 3 SYSTEMPATH\View\View.php(227): CodeIgniter\View\View->CodeIgniter\View\{closure}()
 4 SYSTEMPATH\Common.php(1173): CodeIgniter\View\View->render('m_tampil', [], true)
 5 APPPATH\Controllers\Home.php(9): view('m_tampil')
 6 SYSTEMPATH\CodeIgniter.php(933): App\Controllers\Home->index()
 7 SYSTEMPATH\CodeIgniter.php(507): CodeIgniter\CodeIgniter->runController(Object(App\Controllers\Home))
 8 SYSTEMPATH\CodeIgniter.php(354): CodeIgniter\CodeIgniter->handleRequest(null, Object(Config\Cache), false)
 9 SYSTEMPATH\Boot.php(334): CodeIgniter\CodeIgniter->run()
10 SYSTEMPATH\Boot.php(67): CodeIgniter\Boot::runCodeIgniter(Object(CodeIgniter\CodeIgniter))
11 FCPATH\index.php(56): CodeIgniter\Boot::bootWeb(Object(Config\Paths))
CRITICAL - 2025-03-18 13:43:55 --> ErrorException: Undefined variable $users
[Method: GET, Route: /]
in APPPATH\Views\m_tampil.php on line 14.
 1 APPPATH\Views\m_tampil.php(14): CodeIgniter\Debug\Exceptions->errorHandler(2, 'Undefined variable $users', 'D:\\xampp\\htdocs\\codeigniter4\\app\\Views\\m_tampil.php', 14)
 2 SYSTEMPATH\View\View.php(224): include('D:\\xampp\\htdocs\\codeigniter4\\app\\Views\\m_tampil.php')
 3 SYSTEMPATH\View\View.php(227): CodeIgniter\View\View->CodeIgniter\View\{closure}()
 4 SYSTEMPATH\Common.php(1173): CodeIgniter\View\View->render('m_tampil', [], true)
 5 APPPATH\Controllers\Home.php(9): view('m_tampil')
 6 SYSTEMPATH\CodeIgniter.php(933): App\Controllers\Home->index()
 7 SYSTEMPATH\CodeIgniter.php(507): CodeIgniter\CodeIgniter->runController(Object(App\Controllers\Home))
 8 SYSTEMPATH\CodeIgniter.php(354): CodeIgniter\CodeIgniter->handleRequest(null, Object(Config\Cache), false)
 9 SYSTEMPATH\Boot.php(334): CodeIgniter\CodeIgniter->run()
10 SYSTEMPATH\Boot.php(67): CodeIgniter\Boot::runCodeIgniter(Object(CodeIgniter\CodeIgniter))
11 FCPATH\index.php(56): CodeIgniter\Boot::bootWeb(Object(Config\Paths))
CRITICAL - 2025-03-18 13:43:57 --> ErrorException: Undefined variable $users
[Method: GET, Route: /]
in APPPATH\Views\m_tampil.php on line 14.
 1 APPPATH\Views\m_tampil.php(14): CodeIgniter\Debug\Exceptions->errorHandler(2, 'Undefined variable $users', 'D:\\xampp\\htdocs\\codeigniter4\\app\\Views\\m_tampil.php', 14)
 2 SYSTEMPATH\View\View.php(224): include('D:\\xampp\\htdocs\\codeigniter4\\app\\Views\\m_tampil.php')
 3 SYSTEMPATH\View\View.php(227): CodeIgniter\View\View->CodeIgniter\View\{closure}()
 4 SYSTEMPATH\Common.php(1173): CodeIgniter\View\View->render('m_tampil', [], true)
 5 APPPATH\Controllers\Home.php(9): view('m_tampil')
 6 SYSTEMPATH\CodeIgniter.php(933): App\Controllers\Home->index()
 7 SYSTEMPATH\CodeIgniter.php(507): CodeIgniter\CodeIgniter->runController(Object(App\Controllers\Home))
 8 SYSTEMPATH\CodeIgniter.php(354): CodeIgniter\CodeIgniter->handleRequest(null, Object(Config\Cache), false)
 9 SYSTEMPATH\Boot.php(334): CodeIgniter\CodeIgniter->run()
10 SYSTEMPATH\Boot.php(67): CodeIgniter\Boot::runCodeIgniter(Object(CodeIgniter\CodeIgniter))
11 FCPATH\index.php(56): CodeIgniter\Boot::bootWeb(Object(Config\Paths))
